
                            Дата и время вызова функции 2023-06-03 13:21:53.191355

                            Имя функции "hello_world"

                            Данные args ()

                            Данные kwargs {}

                            Возвращаемое значение функции Hello World

                            
                            Дата и время вызова функции 2023-06-03 13:21:53.191355

                            Имя функции "summator"

                            Данные args (2, 2)

                            Данные kwargs {}

                            Возвращаемое значение функции 4

                            
                            Дата и время вызова функции 2023-06-03 13:21:53.208842

                            Имя функции "div"

                            Данные args (6, 2)

                            Данные kwargs {}

                            Возвращаемое значение функции 3.0

                            
                            Дата и время вызова функции 2023-06-03 13:21:53.209842

                            Имя функции "summator"

                            Данные args (4.3,)

                            Данные kwargs {'b': 2.2}

                            Возвращаемое значение функции 6.5

                            