
            Дата и время вызова функции 2023-06-03 13:21:26.096060

            Имя функции "hello_world"

            Данные args ()

            Данные kwargs {}

            Возвращаемое значение функции Hello World

            
            Дата и время вызова функции 2023-06-03 13:21:26.097060

            Имя функции "summator"

            Данные args (2, 2)

            Данные kwargs {}

            Возвращаемое значение функции 4

            
            Дата и время вызова функции 2023-06-03 13:21:26.098060

            Имя функции "div"

            Данные args (6, 2)

            Данные kwargs {}

            Возвращаемое значение функции 3.0

            
            Дата и время вызова функции 2023-06-03 13:21:26.114136

            Имя функции "summator"

            Данные args (4.3,)

            Данные kwargs {'b': 2.2}

            Возвращаемое значение функции 6.5

            
            Дата и время вызова функции 2023-06-03 13:21:26.115159

            Имя функции "summator"

            Данные args ()

            Данные kwargs {'a': 0, 'b': 0}

            Возвращаемое значение функции 0

            