Дата и время вызова функции 2023-06-03 06:52:05.941222
Имя функции <function test_1.<locals>.hello_world at 0x0000025027883D00>
Возвращаемое значение функции Hello World
Дата и время вызова функции 2023-06-03 06:52:05.943236
Имя функции <function test_1.<locals>.summator at 0x0000025027883E20>
Данные args 2
Данные args 2
Возвращаемое значение функции 4
Дата и время вызова функции 2023-06-03 06:52:05.943236
Имя функции <function test_1.<locals>.div at 0x0000025027883F40>
Данные args 6
Данные args 2
Возвращаемое значение функции 3.0
Дата и время вызова функции 2023-06-03 06:52:05.944601
Имя функции <function test_1.<locals>.summator at 0x0000025027883E20>
Данные args 4.3
Данные kwargs b
Возвращаемое значение функции 6.5
Дата и время вызова функции 2023-06-03 06:52:05.945620
Имя функции <function test_1.<locals>.summator at 0x0000025027883E20>
Данные kwargs a
Данные kwargs b
Возвращаемое значение функции 0
